<?xml version="1.0" encoding="UTF-8"?>
<!-- Generated by org.testng.reporters.JUnitXMLReporter -->
<testsuite hostname="T2P-CPU063" ignored="0" name="Test" tests="7" failures="0" timestamp="2020-07-10T16:25:04 ICT" time="224.433" errors="0">
  <testcase name="InValidUserAndPass" time="10.756" classname="Tests.LoginTests"/>
  <testcase name="InvalidPass" time="10.006" classname="Tests.LoginTests"/>
  <testcase name="InvalidUser" time="10.233" classname="Tests.LoginTests"/>
  <testcase name="LoginWithValidUser" time="11.746" classname="Tests.LoginTests"/>
  <testcase name="NotFillOutPass" time="10.33" classname="Tests.LoginTests"/>
  <testcase name="NotFillOutUserName" time="10.32" classname="Tests.LoginTests"/>
  <testcase name="NotFillOutUserNameAndPass" time="9.515" classname="Tests.LoginTests"/>
</testsuite> <!-- Test -->
