<?xml version="1.0" encoding="UTF-8"?>
<!-- Generated by org.testng.reporters.JUnitXMLReporter -->
<testsuite hostname="T2P-CPU063" ignored="8" name="Test" tests="1" failures="0" timestamp="2020-07-10T17:29:44 ICT" time="29.557" errors="0">
  <testcase name="InCompleteFormat" time="9.914" classname="Tests.LoginTests"/>
  <testcase name="NotFillOutUserNameAndPass" time="0.0" classname="Tests.LoginTests">
    <ignored/>
  </testcase> <!-- NotFillOutUserNameAndPass -->
  <testcase name="NotFillOutPass" time="0.0" classname="Tests.LoginTests">
    <ignored/>
  </testcase> <!-- NotFillOutPass -->
  <testcase name="InvalidPass" time="0.0" classname="Tests.LoginTests">
    <ignored/>
  </testcase> <!-- InvalidPass -->
  <testcase name="LoginWithValidUser" time="0.0" classname="Tests.LoginTests">
    <ignored/>
  </testcase> <!-- LoginWithValidUser -->
  <testcase name="NotFillOutUserName" time="0.0" classname="Tests.LoginTests">
    <ignored/>
  </testcase> <!-- NotFillOutUserName -->
  <testcase name="InvalidFormat" time="0.0" classname="Tests.LoginTests">
    <ignored/>
  </testcase> <!-- InvalidFormat -->
  <testcase name="InvalidUser" time="0.0" classname="Tests.LoginTests">
    <ignored/>
  </testcase> <!-- InvalidUser -->
  <testcase name="InValidUserAndPass" time="0.0" classname="Tests.LoginTests">
    <ignored/>
  </testcase> <!-- InValidUserAndPass -->
</testsuite> <!-- Test -->
