<?xml version="1.0" encoding="UTF-8"?>
<!-- Generated by org.testng.reporters.JUnitXMLReporter -->
<testsuite hostname="T2P-CPU063" ignored="0" name="Test" tests="2" failures="2" timestamp="2020-07-08T17:28:34 ICT" time="5.445" errors="0">
  <testcase name="LoginWithValidUser" time="2.354" classname="Tests.LoginTests">
    <failure type="java.lang.NullPointerException">
      <![CDATA[java.lang.NullPointerException
at Framework.Base.Capabilities(Base.java:72)
at Tests.LoginTests.LoginWithValidUser(LoginTests.java:19)
at java.util.ArrayList.forEach(ArrayList.java:1257)
... Removed 31 stack frames]]>
    </failure>
  </testcase> <!-- LoginWithValidUser -->
  <testcase name="LoginWithValidUser" time="2.388" classname="Tests.LoginTests">
    <failure type="java.lang.NullPointerException">
      <![CDATA[java.lang.NullPointerException
at Framework.Base.getScreenshot(Base.java:87)
at Resources.Listeners.onTestFailure(Listeners.java:18)
at java.util.ArrayList.forEach(ArrayList.java:1257)
... Removed 28 stack frames]]>
    </failure>
  </testcase> <!-- LoginWithValidUser -->
</testsuite> <!-- Test -->
