<?xml version="1.0" encoding="UTF-8"?>
<testng-results skipped="0" failed="0" ignored="8" total="9" passed="1">
  <reporter-output>
  </reporter-output>
  <suite name="Suite" duration-ms="29557" started-at="2020-07-10T17:29:14 ICT" finished-at="2020-07-10T17:29:44 ICT">
    <groups>
    </groups>
    <test name="Test" duration-ms="29557" started-at="2020-07-10T17:29:14 ICT" finished-at="2020-07-10T17:29:44 ICT">
      <class name="Tests.LoginTests">
        <test-method status="PASS" signature="KillNode()[pri:0, instance:Tests.LoginTests@57e1b0c]" name="KillNode" is-config="true" duration-ms="3012" started-at="2020-07-10T17:29:14 ICT" finished-at="2020-07-10T17:29:17 ICT">
          <reporter-output>
          </reporter-output>
        </test-method> <!-- KillNode -->
        <test-method status="PASS" signature="ReOpenApp()[pri:0, instance:Tests.LoginTests@57e1b0c]" name="ReOpenApp" is-config="true" duration-ms="16540" started-at="2020-07-10T17:29:17 ICT" finished-at="2020-07-10T17:29:34 ICT">
          <reporter-output>
          </reporter-output>
        </test-method> <!-- ReOpenApp -->
        <test-method status="PASS" signature="InCompleteFormat()[pri:0, instance:Tests.LoginTests@57e1b0c]" name="InCompleteFormat" duration-ms="9914" started-at="2020-07-10T17:29:34 ICT" finished-at="2020-07-10T17:29:44 ICT">
          <reporter-output>
          </reporter-output>
        </test-method> <!-- InCompleteFormat -->
        <test-method status="PASS" signature="StopServer()[pri:0, instance:Tests.LoginTests@57e1b0c]" name="StopServer" is-config="true" duration-ms="51" started-at="2020-07-10T17:29:44 ICT" finished-at="2020-07-10T17:29:44 ICT">
          <reporter-output>
          </reporter-output>
        </test-method> <!-- StopServer -->
      </class> <!-- Tests.LoginTests -->
    </test> <!-- Test -->
  </suite> <!-- Suite -->
</testng-results>
