<?xml version="1.0" encoding="UTF-8"?>
<testng-results skipped="0" failed="0" ignored="0" total="1" passed="1">
  <reporter-output>
  </reporter-output>
  <suite name="Suite" duration-ms="31581" started-at="2020-07-09T09:06:57 ICT" finished-at="2020-07-09T09:07:29 ICT">
    <groups>
    </groups>
    <test name="Test" duration-ms="31581" started-at="2020-07-09T09:06:57 ICT" finished-at="2020-07-09T09:07:29 ICT">
      <class name="Tests.LoginTests">
        <test-method status="PASS" signature="killAllNode()[pri:0, instance:Tests.LoginTests@e320068]" name="killAllNode" is-config="true" duration-ms="3012" started-at="2020-07-09T09:06:57 ICT" finished-at="2020-07-09T09:07:00 ICT">
          <reporter-output>
          </reporter-output>
        </test-method> <!-- killAllNode -->
        <test-method status="PASS" signature="LoginWithValidUser()[pri:0, instance:Tests.LoginTests@e320068]" name="LoginWithValidUser" duration-ms="28529" started-at="2020-07-09T09:07:00 ICT" finished-at="2020-07-09T09:07:29 ICT">
          <reporter-output>
          </reporter-output>
        </test-method> <!-- LoginWithValidUser -->
      </class> <!-- Tests.LoginTests -->
    </test> <!-- Test -->
  </suite> <!-- Suite -->
</testng-results>
