<?xml version="1.0" encoding="UTF-8"?>
<testng-results skipped="0" failed="0" ignored="0" total="2" passed="2">
  <reporter-output>
  </reporter-output>
  <suite name="Suite" duration-ms="67524" started-at="2020-07-09T17:35:08 ICT" finished-at="2020-07-09T17:36:15 ICT">
    <groups>
    </groups>
    <test name="Test" duration-ms="67524" started-at="2020-07-09T17:35:08 ICT" finished-at="2020-07-09T17:36:15 ICT">
      <class name="Tests.LoginTests">
        <test-method status="PASS" signature="killAllNodeAndStartServer()[pri:0, instance:Tests.LoginTests@6121c9d6]" name="killAllNodeAndStartServer" is-config="true" duration-ms="3011" started-at="2020-07-09T17:35:08 ICT" finished-at="2020-07-09T17:35:11 ICT">
          <reporter-output>
          </reporter-output>
        </test-method> <!-- killAllNodeAndStartServer -->
        <test-method status="PASS" signature="StartServer()[pri:0, instance:Tests.LoginTests@6121c9d6]" name="StartServer" is-config="true" duration-ms="21409" started-at="2020-07-09T17:35:11 ICT" finished-at="2020-07-09T17:35:32 ICT">
          <reporter-output>
          </reporter-output>
        </test-method> <!-- StartServer -->
        <test-method status="PASS" signature="LoginWithInValidUser()[pri:0, instance:Tests.LoginTests@6121c9d6]" name="LoginWithInValidUser" duration-ms="11382" started-at="2020-07-09T17:35:32 ICT" finished-at="2020-07-09T17:35:44 ICT">
          <reporter-output>
          </reporter-output>
        </test-method> <!-- LoginWithInValidUser -->
        <test-method status="PASS" signature="StartServer()[pri:0, instance:Tests.LoginTests@6121c9d6]" name="StartServer" is-config="true" duration-ms="19226" started-at="2020-07-09T17:35:44 ICT" finished-at="2020-07-09T17:36:03 ICT">
          <reporter-output>
          </reporter-output>
        </test-method> <!-- StartServer -->
        <test-method status="PASS" signature="LoginWithValidUser()[pri:0, instance:Tests.LoginTests@6121c9d6]" name="LoginWithValidUser" duration-ms="12457" started-at="2020-07-09T17:36:03 ICT" finished-at="2020-07-09T17:36:15 ICT">
          <reporter-output>
          </reporter-output>
        </test-method> <!-- LoginWithValidUser -->
      </class> <!-- Tests.LoginTests -->
    </test> <!-- Test -->
  </suite> <!-- Suite -->
</testng-results>
